<?xml version="1.0" encoding="UTF-8"?>
<testsuite name="FunctionalUtilityTest" tests="1" skipped="0" failures="0" errors="0" timestamp="2021-07-12T23:30:22" hostname="DESKTOP-VHLSD9V" time="0.023">
  <properties/>
  <testcase name="numberOfPatientsWithResultXTest()" classname="FunctionalUtilityTest" time="0.023"/>
  <system-out><![CDATA[]]></system-out>
  <system-err><![CDATA[]]></system-err>
</testsuite>
